<?xml version="1.0" encoding="UTF-8"?>
<!-- Generated by org.testng.reporters.JUnitXMLReporter -->
<testsuite ignored="0" hostname="DESKTOP-CN58ACS" failures="1" tests="3" name="Test" time="13.496" errors="0" timestamp="2022-10-24T11:34:14 IST">
  <testcase classname="myproject.A_Testclass" name="Amazon" time="13.245"/>
  <testcase classname="myproject.abc" name="TC2" time="0.17">
    <failure type="java.lang.AssertionError">
      <![CDATA[java.lang.AssertionError
at org.junit.Assert.fail(Assert.java:87)
at org.junit.Assert.fail(Assert.java:96)
at myproject.abc.TC2(abc.java:35)
at java.base/java.util.ArrayList.forEach(ArrayList.java:1511)
... Removed 25 stack frames]]>
    </failure>
  </testcase> <!-- TC2 -->
  <testcase classname="myproject.abc" name="TC1" time="0.003"/>
</testsuite> <!-- Test -->
