<?xml version="1.0" encoding="UTF-8"?>
<testng-results ignored="0" total="1" passed="1" failed="0" skipped="0">
  <reporter-output>
  </reporter-output>
  <suite started-at="2022-10-25T12:46:55 IST" name="Default suite" finished-at="2022-10-25T12:49:00 IST" duration-ms="125577">
    <groups>
    </groups>
    <test started-at="2022-10-25T12:46:55 IST" name="Default test" finished-at="2022-10-25T12:49:00 IST" duration-ms="125577">
      <class name="myproject.A_Testclass">
        <test-method is-config="true" signature="openbrowser()[pri:0, instance:myproject.A_Testclass@d5b810e]" started-at="2022-10-25T12:46:55 IST" name="openbrowser" finished-at="2022-10-25T12:47:51 IST" duration-ms="55864" status="PASS">
          <reporter-output>
          </reporter-output>
        </test-method> <!-- openbrowser -->
        <test-method is-config="true" signature="loginToApp()[pri:0, instance:myproject.A_Testclass@d5b810e]" started-at="2022-10-25T12:47:51 IST" name="loginToApp" finished-at="2022-10-25T12:48:47 IST" duration-ms="55733" status="PASS">
          <reporter-output>
          </reporter-output>
        </test-method> <!-- loginToApp -->
        <test-method signature="Verifyprofilename()[pri:0, instance:myproject.A_Testclass@d5b810e]" started-at="2022-10-25T12:48:47 IST" name="Verifyprofilename" finished-at="2022-10-25T12:49:00 IST" duration-ms="13874" status="PASS">
          <reporter-output>
          </reporter-output>
        </test-method> <!-- Verifyprofilename -->
        <test-method is-config="true" signature="logoutApp(org.testng.ITestResult)[pri:0, instance:myproject.A_Testclass@d5b810e]" started-at="2022-10-25T12:49:00 IST" name="logoutApp" finished-at="2022-10-25T12:49:00 IST" duration-ms="5" status="PASS">
          <params>
            <param index="0">
              <value>
                <![CDATA[[TestResult name=Verifyprofilename status=SUCCESS method=A_Testclass.Verifyprofilename()[pri:0, instance:myproject.A_Testclass@d5b810e] output={null}]]]>
              </value>
            </param>
          </params>
          <reporter-output>
          </reporter-output>
        </test-method> <!-- logoutApp -->
        <test-method is-config="true" signature="closebrowser()[pri:0, instance:myproject.A_Testclass@d5b810e]" started-at="2022-10-25T12:49:00 IST" name="closebrowser" finished-at="2022-10-25T12:49:00 IST" duration-ms="1" status="PASS">
          <reporter-output>
          </reporter-output>
        </test-method> <!-- closebrowser -->
      </class> <!-- myproject.A_Testclass -->
    </test> <!-- Default test -->
  </suite> <!-- Default suite -->
</testng-results>
